<?xml version="1.0" encoding="UTF-8"?>
<testng-results skipped="0" failed="0" total="2" passed="2">
  <reporter-output>
  </reporter-output>
  <suite name="RodanFieldSuiteName" duration-ms="63006" started-at="2016-09-02T09:03:47Z" finished-at="2016-09-02T09:04:50Z">
    <groups>
    </groups>
    <test name="RodanFieldTestName" duration-ms="63006" started-at="2016-09-02T09:03:47Z" finished-at="2016-09-02T09:04:50Z">
      <class name="com.selenium.project.SeleniumDemo.RodanFieldTest">
        <test-method status="PASS" signature="t2()[pri:1, instance:com.selenium.project.SeleniumDemo.RodanFieldTest@7357444f]" name="t2" duration-ms="62898" started-at="2016-09-02T14:33:47Z" finished-at="2016-09-02T14:34:50Z">
          <reporter-output>
          </reporter-output>
        </test-method> <!-- t2 -->
        <test-method status="PASS" signature="t1()[pri:0, instance:com.selenium.project.SeleniumDemo.RodanFieldTest@7357444f]" name="t1" duration-ms="60339" started-at="2016-09-02T14:33:47Z" finished-at="2016-09-02T14:34:48Z">
          <reporter-output>
          </reporter-output>
        </test-method> <!-- t1 -->
      </class> <!-- com.selenium.project.SeleniumDemo.RodanFieldTest -->
    </test> <!-- RodanFieldTestName -->
  </suite> <!-- RodanFieldSuiteName -->
</testng-results>
